<?xml version="1.0" encoding="UTF-8"?>
<!-- Generated by org.testng.reporters.JUnitReportReporter -->
<testsuite skipped="0" hostname="LAPTOP-73JL2UKU" name="Spring.AutomateAWebappTestNG.TestNgTest1" tests="4" failures="0" timestamp="2022-10-09T22:09:50 IST" time="75.781" errors="0">
  <testcase name="testSearchandAddToCart" time="18.085" classname="Spring.AutomateAWebappTestNG.TestNgTest1"/>
  <system-out/>
  <testcase name="testRegister" time="22.572" classname="Spring.AutomateAWebappTestNG.TestNgTest1"/>
  <system-out/>
  <testcase name="testLogin" time="17.819" classname="Spring.AutomateAWebappTestNG.TestNgTest1"/>
  <system-out/>
  <testcase name="testInvalidLogin" time="17.305" classname="Spring.AutomateAWebappTestNG.TestNgTest1"/>
  <system-out/>
</testsuite> <!-- Spring.AutomateAWebappTestNG.TestNgTest1 -->
